2022-01-29 19:35:33,736:INFO:PyCaret Supervised Module
2022-01-29 19:35:33,736:INFO:ML Usecase: classification
2022-01-29 19:35:33,737:INFO:version 2.2.3
2022-01-29 19:35:33,737:INFO:Initializing setup()
2022-01-29 19:35:33,737:INFO:setup(target=Class, ml_usecase=classification, available_plots={'parameter': 'Hyperparameters', 'auc': 'AUC', 'confusion_matrix': 'Confusion Matrix', 'threshold': 'Threshold', 'pr': 'Precision Recall', 'error': 'Prediction Error', 'class_report': 'Class Report', 'rfe': 'Feature Selection', 'learning': 'Learning Curve', 'manifold': 'Manifold Learning', 'calibration': 'Calibration Curve', 'vc': 'Validation Curve', 'dimension': 'Dimensions', 'feature': 'Feature Importance', 'feature_all': 'Feature Importance (All)', 'boundary': 'Decision Boundary', 'lift': 'Lift Chart', 'gain': 'Gain Chart', 'tree': 'Decision Tree'}, train_size=0.8, test_data=None, preprocess=True, imputation_type=simple, iterative_imputation_iters=5, categorical_features=None, categorical_imputation=constant, categorical_iterative_imputer=lightgbm, ordinal_features=None, high_cardinality_features=None, high_cardinality_method=frequency, numeric_features=None, numeric_imputation=mean, numeric_iterative_imputer=lightgbm, date_features=None, ignore_features=None, normalize=False, normalize_method=zscore, transformation=False, transformation_method=yeo-johnson, handle_unknown_categorical=True, unknown_categorical_method=least_frequent, pca=False, pca_method=linear, pca_components=None, ignore_low_variance=False, combine_rare_levels=False, rare_level_threshold=0.1, bin_numeric_features=None, remove_outliers=False, outliers_threshold=0.05, remove_multicollinearity=False, multicollinearity_threshold=0.9, remove_perfect_collinearity=True, create_clusters=False, cluster_iter=20, polynomial_features=False, polynomial_degree=2, trigonometry_features=False, polynomial_threshold=0.1, group_features=None, group_names=None, feature_selection=False, feature_selection_threshold=0.8, feature_selection_method=classic, feature_interaction=False, feature_ratio=False, interaction_threshold=0.01, fix_imbalance=False, fix_imbalance_method=None, transform_target=False, transform_target_method=box-cox, data_split_shuffle=True, data_split_stratify=False, fold_strategy=stratifiedkfold, fold=10, fold_shuffle=False, fold_groups=None, n_jobs=-1, use_gpu=False, custom_pipeline=None, html=True, session_id=21, log_experiment=False, experiment_name=None, log_plots=False, log_profile=False, log_data=False, silent=False, verbose=True, profile=False, profile_kwargs=None, display=None)
2022-01-29 19:35:33,738:INFO:Checking environment
2022-01-29 19:35:33,738:INFO:python_version: 3.7.3
2022-01-29 19:35:33,738:INFO:python_build: ('v3.7.3:ef4ec6ed12', 'Mar 25 2019 22:22:05')
2022-01-29 19:35:33,738:INFO:machine: AMD64
2022-01-29 19:35:33,739:INFO:platform: Windows-10-10.0.19041-SP0
2022-01-29 19:35:33,739:INFO:Memory: svmem(total=8475021312, available=1088532480, percent=87.2, used=7386488832, free=1088532480)
2022-01-29 19:35:33,739:INFO:Physical Core: 2
2022-01-29 19:35:33,739:INFO:Logical Core: 4
2022-01-29 19:35:33,739:INFO:Checking libraries
2022-01-29 19:35:33,739:INFO:pd==1.1.4
2022-01-29 19:35:33,740:INFO:numpy==1.19.2
2022-01-29 19:35:33,740:INFO:sklearn==0.23.2
2022-01-29 19:35:35,696:INFO:xgboost==1.3.1
2022-01-29 19:35:35,696:INFO:lightgbm==2.3.1
2022-01-29 19:35:37,687:INFO:catboost==0.24.4
2022-01-29 19:35:40,431:INFO:mlflow==1.13.1
2022-01-29 19:35:40,432:INFO:Checking Exceptions
2022-01-29 19:35:40,432:INFO:Declaring global variables
2022-01-29 19:35:40,432:INFO:USI: 5ce1
2022-01-29 19:35:40,432:INFO:pycaret_globals: {'imputation_regressor', '_internal_pipeline', 'iterative_imputation_iters_param', 'create_model_container', 'data_before_preprocess', 'log_plots_param', 'target_param', 'transform_target_method_param', 'fold_shuffle_param', 'fix_imbalance_param', 'fix_imbalance_method_param', 'y_test', 'y_train', 'pycaret_globals', 'prep_pipe', '_ml_usecase', '_all_metrics', 'n_jobs_param', 'X_test', 'fold_param', 'display_container', 'X_train', 'USI', 'gpu_param', 'seed', 'transform_target_param', 'fold_generator', 'master_model_container', 'stratify_param', '_available_plots', 'html_param', 'X', 'fold_groups_param', 'y', '_all_models', '_all_models_internal', 'exp_name_log', 'logging_param', '_gpu_n_jobs_param', 'experiment__', 'imputation_classifier'}
2022-01-29 19:35:40,432:INFO:Preparing display monitor
2022-01-29 19:35:40,433:INFO:Preparing display monitor
2022-01-29 19:35:40,459:INFO:Importing libraries
2022-01-29 19:35:40,460:INFO:Copying data for preprocessing
2022-01-29 19:35:40,478:INFO:Declaring preprocessing parameters
2022-01-29 19:35:40,481:INFO:Creating preprocessing pipeline
2022-01-29 19:35:40,505:INFO:Preprocessing pipeline created successfully
2022-01-29 19:35:40,506:ERROR:(Process Exit): setup has been interupted with user command 'quit'. setup must rerun.
2022-01-29 19:35:40,507:INFO:Creating global containers
2022-01-29 19:35:40,512:INFO:Internal pipeline: Pipeline(memory=None, steps=[('empty_step', 'passthrough')], verbose=False)
2022-01-29 19:35:42,900:INFO:Creating grid variables
2022-01-29 19:35:42,946:INFO:create_model_container: 0
2022-01-29 19:35:42,946:INFO:master_model_container: 0
2022-01-29 19:35:42,947:INFO:display_container: 1
2022-01-29 19:35:42,954:INFO:Pipeline(memory=None,
         steps=[('dtypes',
                 DataTypes_Auto_infer(categorical_features=[],
                                      display_types=True, features_todrop=[],
                                      id_columns=[],
                                      ml_usecase='classification',
                                      numerical_features=[], target='Class',
                                      time_features=[])),
                ('imputer',
                 Simple_Imputer(categorical_strategy='not_available',
                                fill_value_categorical=None,
                                fill_value_numerical=None,
                                numeric_strate...
                ('scaling', 'passthrough'), ('P_transform', 'passthrough'),
                ('binn', 'passthrough'), ('rem_outliers', 'passthrough'),
                ('cluster_all', 'passthrough'),
                ('dummy', Dummify(target='Class')),
                ('fix_perfect', Remove_100(target='Class')),
                ('clean_names', Clean_Colum_Names()),
                ('feature_select', 'passthrough'), ('fix_multi', 'passthrough'),
                ('dfs', 'passthrough'), ('pca', 'passthrough')],
         verbose=False)
2022-01-29 19:35:42,954:INFO:setup() succesfully completed......................................
2022-01-29 19:37:42,863:INFO:Initializing compare_models()
2022-01-29 19:37:42,863:INFO:compare_models(include=None, fold=None, round=4, cross_validation=True, sort=AUC, n_select=1, budget_time=None, turbo=True, errors=ignore, fit_kwargs=None, groups=None, verbose=True, display=None, exclude=['knn', 'catboost', 'gbc'])
2022-01-29 19:37:42,863:INFO:Checking exceptions
2022-01-29 19:37:42,865:INFO:Preparing display monitor
2022-01-29 19:37:42,866:INFO:Preparing display monitor
2022-01-29 19:37:42,959:INFO:Initializing Logistic Regression
2022-01-29 19:37:42,959:INFO:Total runtime is 0.0 minutes
2022-01-29 19:37:42,987:INFO:SubProcess create_model() called ==================================
2022-01-29 19:37:42,988:INFO:Initializing create_model()
2022-01-29 19:37:42,988:INFO:create_model(estimator=lr, fold=StratifiedKFold(n_splits=10, random_state=21, shuffle=False), round=4, cross_validation=True, predict=True, fit_kwargs={}, groups=None, refit=False, verbose=False, system=False, metrics=None, display=<pycaret.internal.Display.Display object at 0x000001CD220790F0>, kwargs={})
2022-01-29 19:37:42,988:INFO:Checking exceptions
2022-01-29 19:37:42,988:INFO:Importing libraries
2022-01-29 19:37:42,988:INFO:Copying training dataset
2022-01-29 19:37:42,990:INFO:Defining folds
2022-01-29 19:37:42,990:INFO:Declaring metric variables
2022-01-29 19:37:43,009:INFO:Importing untrained model
2022-01-29 19:37:43,033:INFO:Logistic Regression Imported succesfully
2022-01-29 19:37:43,079:INFO:Starting cross validation
2022-01-29 19:37:43,080:INFO:Cross validating with StratifiedKFold(n_splits=10, random_state=21, shuffle=False), n_jobs=-1
2022-01-29 19:37:50,482:INFO:Calculating mean and std
2022-01-29 19:37:50,482:INFO:Creating metrics dataframe
2022-01-29 19:37:50,490:INFO:Uploading results into container
2022-01-29 19:37:50,490:INFO:Uploading model into container now
2022-01-29 19:37:50,490:INFO:create_model_container: 1
2022-01-29 19:37:50,490:INFO:master_model_container: 1
2022-01-29 19:37:50,491:INFO:display_container: 2
2022-01-29 19:37:50,492:INFO:LogisticRegression(C=1.0, class_weight=None, dual=False, fit_intercept=True,
                   intercept_scaling=1, l1_ratio=None, max_iter=1000,
                   multi_class='auto', n_jobs=None, penalty='l2',
                   random_state=21, solver='lbfgs', tol=0.0001, verbose=0,
                   warm_start=False)
2022-01-29 19:37:50,493:INFO:create_model() succesfully completed......................................
2022-01-29 19:37:50,582:INFO:SubProcess create_model() end ==================================
2022-01-29 19:37:50,582:INFO:Creating metrics dataframe
2022-01-29 19:37:50,616:INFO:Initializing Naive Bayes
2022-01-29 19:37:50,616:INFO:Total runtime is 0.12761162122090658 minutes
2022-01-29 19:37:50,637:INFO:SubProcess create_model() called ==================================
2022-01-29 19:37:50,637:INFO:Initializing create_model()
2022-01-29 19:37:50,638:INFO:create_model(estimator=nb, fold=StratifiedKFold(n_splits=10, random_state=21, shuffle=False), round=4, cross_validation=True, predict=True, fit_kwargs={}, groups=None, refit=False, verbose=False, system=False, metrics=None, display=<pycaret.internal.Display.Display object at 0x000001CD220790F0>, kwargs={})
2022-01-29 19:37:50,638:INFO:Checking exceptions
2022-01-29 19:37:50,639:INFO:Importing libraries
2022-01-29 19:37:50,640:INFO:Copying training dataset
2022-01-29 19:37:50,642:INFO:Defining folds
2022-01-29 19:37:50,642:INFO:Declaring metric variables
2022-01-29 19:37:50,663:INFO:Importing untrained model
2022-01-29 19:37:50,684:INFO:Naive Bayes Imported succesfully
2022-01-29 19:37:50,719:INFO:Starting cross validation
2022-01-29 19:37:50,720:INFO:Cross validating with StratifiedKFold(n_splits=10, random_state=21, shuffle=False), n_jobs=-1
2022-01-29 19:37:50,903:INFO:Calculating mean and std
2022-01-29 19:37:50,905:INFO:Creating metrics dataframe
2022-01-29 19:37:50,913:INFO:Uploading results into container
2022-01-29 19:37:50,913:INFO:Uploading model into container now
2022-01-29 19:37:50,913:INFO:create_model_container: 2
2022-01-29 19:37:50,913:INFO:master_model_container: 2
2022-01-29 19:37:50,913:INFO:display_container: 2
2022-01-29 19:37:50,913:INFO:GaussianNB(priors=None, var_smoothing=1e-09)
2022-01-29 19:37:50,914:INFO:create_model() succesfully completed......................................
2022-01-29 19:37:51,009:INFO:SubProcess create_model() end ==================================
2022-01-29 19:37:51,009:INFO:Creating metrics dataframe
2022-01-29 19:37:51,023:INFO:Initializing Decision Tree Classifier
2022-01-29 19:37:51,023:INFO:Total runtime is 0.13439202308654785 minutes
2022-01-29 19:37:51,045:INFO:SubProcess create_model() called ==================================
2022-01-29 19:37:51,045:INFO:Initializing create_model()
2022-01-29 19:37:51,045:INFO:create_model(estimator=dt, fold=StratifiedKFold(n_splits=10, random_state=21, shuffle=False), round=4, cross_validation=True, predict=True, fit_kwargs={}, groups=None, refit=False, verbose=False, system=False, metrics=None, display=<pycaret.internal.Display.Display object at 0x000001CD220790F0>, kwargs={})
2022-01-29 19:37:51,046:INFO:Checking exceptions
2022-01-29 19:37:51,046:INFO:Importing libraries
2022-01-29 19:37:51,046:INFO:Copying training dataset
2022-01-29 19:37:51,047:INFO:Defining folds
2022-01-29 19:37:51,048:INFO:Declaring metric variables
2022-01-29 19:37:51,069:INFO:Importing untrained model
2022-01-29 19:37:51,091:INFO:Decision Tree Classifier Imported succesfully
2022-01-29 19:37:51,130:INFO:Starting cross validation
2022-01-29 19:37:51,131:INFO:Cross validating with StratifiedKFold(n_splits=10, random_state=21, shuffle=False), n_jobs=-1
2022-01-29 19:37:51,410:INFO:Calculating mean and std
2022-01-29 19:37:51,411:INFO:Creating metrics dataframe
2022-01-29 19:37:51,418:INFO:Uploading results into container
2022-01-29 19:37:51,419:INFO:Uploading model into container now
2022-01-29 19:37:51,419:INFO:create_model_container: 3
2022-01-29 19:37:51,419:INFO:master_model_container: 3
2022-01-29 19:37:51,419:INFO:display_container: 2
2022-01-29 19:37:51,420:INFO:DecisionTreeClassifier(ccp_alpha=0.0, class_weight=None, criterion='gini',
                       max_depth=None, max_features=None, max_leaf_nodes=None,
                       min_impurity_decrease=0.0, min_impurity_split=None,
                       min_samples_leaf=1, min_samples_split=2,
                       min_weight_fraction_leaf=0.0, presort='deprecated',
                       random_state=21, splitter='best')
2022-01-29 19:37:51,420:INFO:create_model() succesfully completed......................................
2022-01-29 19:37:51,516:INFO:SubProcess create_model() end ==================================
2022-01-29 19:37:51,516:INFO:Creating metrics dataframe
2022-01-29 19:37:51,526:INFO:Initializing SVM - Linear Kernel
2022-01-29 19:37:51,526:INFO:Total runtime is 0.1427851637204488 minutes
2022-01-29 19:37:51,553:INFO:SubProcess create_model() called ==================================
2022-01-29 19:37:51,554:INFO:Initializing create_model()
2022-01-29 19:37:51,554:INFO:create_model(estimator=svm, fold=StratifiedKFold(n_splits=10, random_state=21, shuffle=False), round=4, cross_validation=True, predict=True, fit_kwargs={}, groups=None, refit=False, verbose=False, system=False, metrics=None, display=<pycaret.internal.Display.Display object at 0x000001CD220790F0>, kwargs={})
2022-01-29 19:37:51,554:INFO:Checking exceptions
2022-01-29 19:37:51,554:INFO:Importing libraries
2022-01-29 19:37:51,555:INFO:Copying training dataset
2022-01-29 19:37:51,556:INFO:Defining folds
2022-01-29 19:37:51,556:INFO:Declaring metric variables
2022-01-29 19:37:51,580:INFO:Importing untrained model
2022-01-29 19:37:51,604:INFO:SVM - Linear Kernel Imported succesfully
2022-01-29 19:37:51,652:INFO:Starting cross validation
2022-01-29 19:37:51,653:INFO:Cross validating with StratifiedKFold(n_splits=10, random_state=21, shuffle=False), n_jobs=-1
2022-01-29 19:37:51,893:INFO:Calculating mean and std
2022-01-29 19:37:51,893:INFO:Creating metrics dataframe
2022-01-29 19:37:51,908:INFO:Uploading results into container
2022-01-29 19:37:51,908:INFO:Uploading model into container now
2022-01-29 19:37:51,908:INFO:create_model_container: 4
2022-01-29 19:37:51,908:INFO:master_model_container: 4
2022-01-29 19:37:51,908:INFO:display_container: 2
2022-01-29 19:37:51,908:INFO:SGDClassifier(alpha=0.0001, average=False, class_weight=None,
              early_stopping=False, epsilon=0.1, eta0=0.001, fit_intercept=True,
              l1_ratio=0.15, learning_rate='optimal', loss='hinge',
              max_iter=1000, n_iter_no_change=5, n_jobs=-1, penalty='l2',
              power_t=0.5, random_state=21, shuffle=True, tol=0.001,
              validation_fraction=0.1, verbose=0, warm_start=False)
2022-01-29 19:37:51,908:INFO:create_model() succesfully completed......................................
2022-01-29 19:37:52,033:INFO:SubProcess create_model() end ==================================
2022-01-29 19:37:52,034:INFO:Creating metrics dataframe
2022-01-29 19:37:52,043:INFO:Initializing Ridge Classifier
2022-01-29 19:37:52,043:INFO:Total runtime is 0.1513954758644104 minutes
2022-01-29 19:37:52,074:INFO:SubProcess create_model() called ==================================
2022-01-29 19:37:52,075:INFO:Initializing create_model()
2022-01-29 19:37:52,075:INFO:create_model(estimator=ridge, fold=StratifiedKFold(n_splits=10, random_state=21, shuffle=False), round=4, cross_validation=True, predict=True, fit_kwargs={}, groups=None, refit=False, verbose=False, system=False, metrics=None, display=<pycaret.internal.Display.Display object at 0x000001CD220790F0>, kwargs={})
2022-01-29 19:37:52,077:INFO:Checking exceptions
2022-01-29 19:37:52,077:INFO:Importing libraries
2022-01-29 19:37:52,078:INFO:Copying training dataset
2022-01-29 19:37:52,080:INFO:Defining folds
2022-01-29 19:37:52,081:INFO:Declaring metric variables
2022-01-29 19:37:52,097:INFO:Importing untrained model
2022-01-29 19:37:52,115:INFO:Ridge Classifier Imported succesfully
2022-01-29 19:37:52,150:INFO:Starting cross validation
2022-01-29 19:37:52,151:INFO:Cross validating with StratifiedKFold(n_splits=10, random_state=21, shuffle=False), n_jobs=-1
2022-01-29 19:37:52,276:INFO:Calculating mean and std
2022-01-29 19:37:52,276:INFO:Creating metrics dataframe
2022-01-29 19:37:52,276:INFO:Uploading results into container
2022-01-29 19:37:52,276:INFO:Uploading model into container now
2022-01-29 19:37:52,276:INFO:create_model_container: 5
2022-01-29 19:37:52,276:INFO:master_model_container: 5
2022-01-29 19:37:52,276:INFO:display_container: 2
2022-01-29 19:37:52,276:INFO:RidgeClassifier(alpha=1.0, class_weight=None, copy_X=True, fit_intercept=True,
                max_iter=None, normalize=False, random_state=21, solver='auto',
                tol=0.001)
2022-01-29 19:37:52,276:INFO:create_model() succesfully completed......................................
2022-01-29 19:37:52,382:INFO:SubProcess create_model() end ==================================
2022-01-29 19:37:52,383:INFO:Creating metrics dataframe
2022-01-29 19:37:52,409:INFO:Initializing Random Forest Classifier
2022-01-29 19:37:52,409:INFO:Total runtime is 0.15748993555704754 minutes
2022-01-29 19:37:52,421:INFO:SubProcess create_model() called ==================================
2022-01-29 19:37:52,422:INFO:Initializing create_model()
2022-01-29 19:37:52,422:INFO:create_model(estimator=rf, fold=StratifiedKFold(n_splits=10, random_state=21, shuffle=False), round=4, cross_validation=True, predict=True, fit_kwargs={}, groups=None, refit=False, verbose=False, system=False, metrics=None, display=<pycaret.internal.Display.Display object at 0x000001CD220790F0>, kwargs={})
2022-01-29 19:37:52,423:INFO:Checking exceptions
2022-01-29 19:37:52,423:INFO:Importing libraries
2022-01-29 19:37:52,423:INFO:Copying training dataset
2022-01-29 19:37:52,425:INFO:Defining folds
2022-01-29 19:37:52,425:INFO:Declaring metric variables
2022-01-29 19:37:52,450:INFO:Importing untrained model
2022-01-29 19:37:52,471:INFO:Random Forest Classifier Imported succesfully
2022-01-29 19:37:52,520:INFO:Starting cross validation
2022-01-29 19:37:52,522:INFO:Cross validating with StratifiedKFold(n_splits=10, random_state=21, shuffle=False), n_jobs=-1
2022-01-29 19:37:57,046:INFO:Calculating mean and std
2022-01-29 19:37:57,046:INFO:Creating metrics dataframe
2022-01-29 19:37:57,061:INFO:Uploading results into container
2022-01-29 19:37:57,061:INFO:Uploading model into container now
2022-01-29 19:37:57,061:INFO:create_model_container: 6
2022-01-29 19:37:57,061:INFO:master_model_container: 6
2022-01-29 19:37:57,061:INFO:display_container: 2
2022-01-29 19:37:57,061:INFO:RandomForestClassifier(bootstrap=True, ccp_alpha=0.0, class_weight=None,
                       criterion='gini', max_depth=None, max_features='auto',
                       max_leaf_nodes=None, max_samples=None,
                       min_impurity_decrease=0.0, min_impurity_split=None,
                       min_samples_leaf=1, min_samples_split=2,
                       min_weight_fraction_leaf=0.0, n_estimators=100,
                       n_jobs=-1, oob_score=False, random_state=21, verbose=0,
                       warm_start=False)
2022-01-29 19:37:57,061:INFO:create_model() succesfully completed......................................
2022-01-29 19:37:57,173:INFO:SubProcess create_model() end ==================================
2022-01-29 19:37:57,173:INFO:Creating metrics dataframe
2022-01-29 19:37:57,204:INFO:Initializing Quadratic Discriminant Analysis
2022-01-29 19:37:57,204:INFO:Total runtime is 0.23741554419199629 minutes
2022-01-29 19:37:57,231:INFO:SubProcess create_model() called ==================================
2022-01-29 19:37:57,232:INFO:Initializing create_model()
2022-01-29 19:37:57,232:INFO:create_model(estimator=qda, fold=StratifiedKFold(n_splits=10, random_state=21, shuffle=False), round=4, cross_validation=True, predict=True, fit_kwargs={}, groups=None, refit=False, verbose=False, system=False, metrics=None, display=<pycaret.internal.Display.Display object at 0x000001CD220790F0>, kwargs={})
2022-01-29 19:37:57,232:INFO:Checking exceptions
2022-01-29 19:37:57,233:INFO:Importing libraries
2022-01-29 19:37:57,233:INFO:Copying training dataset
2022-01-29 19:37:57,235:INFO:Defining folds
2022-01-29 19:37:57,236:INFO:Declaring metric variables
2022-01-29 19:37:57,257:INFO:Importing untrained model
2022-01-29 19:37:57,277:INFO:Quadratic Discriminant Analysis Imported succesfully
2022-01-29 19:37:57,315:INFO:Starting cross validation
2022-01-29 19:37:57,317:INFO:Cross validating with StratifiedKFold(n_splits=10, random_state=21, shuffle=False), n_jobs=-1
2022-01-29 19:37:57,492:INFO:Calculating mean and std
2022-01-29 19:37:57,492:INFO:Creating metrics dataframe
2022-01-29 19:37:57,510:INFO:Uploading results into container
2022-01-29 19:37:57,510:INFO:Uploading model into container now
2022-01-29 19:37:57,511:INFO:create_model_container: 7
2022-01-29 19:37:57,511:INFO:master_model_container: 7
2022-01-29 19:37:57,511:INFO:display_container: 2
2022-01-29 19:37:57,511:INFO:QuadraticDiscriminantAnalysis(priors=None, reg_param=0.0,
                              store_covariance=False, tol=0.0001)
2022-01-29 19:37:57,512:INFO:create_model() succesfully completed......................................
2022-01-29 19:37:57,632:INFO:SubProcess create_model() end ==================================
2022-01-29 19:37:57,633:INFO:Creating metrics dataframe
2022-01-29 19:37:57,658:INFO:Initializing Ada Boost Classifier
2022-01-29 19:37:57,658:INFO:Total runtime is 0.2449846943219503 minutes
2022-01-29 19:37:57,696:INFO:SubProcess create_model() called ==================================
2022-01-29 19:37:57,697:INFO:Initializing create_model()
2022-01-29 19:37:57,697:INFO:create_model(estimator=ada, fold=StratifiedKFold(n_splits=10, random_state=21, shuffle=False), round=4, cross_validation=True, predict=True, fit_kwargs={}, groups=None, refit=False, verbose=False, system=False, metrics=None, display=<pycaret.internal.Display.Display object at 0x000001CD220790F0>, kwargs={})
2022-01-29 19:37:57,697:INFO:Checking exceptions
2022-01-29 19:37:57,697:INFO:Importing libraries
2022-01-29 19:37:57,697:INFO:Copying training dataset
2022-01-29 19:37:57,700:INFO:Defining folds
2022-01-29 19:37:57,700:INFO:Declaring metric variables
2022-01-29 19:37:57,722:INFO:Importing untrained model
2022-01-29 19:37:57,738:INFO:Ada Boost Classifier Imported succesfully
2022-01-29 19:37:57,775:INFO:Starting cross validation
2022-01-29 19:37:57,779:INFO:Cross validating with StratifiedKFold(n_splits=10, random_state=21, shuffle=False), n_jobs=-1
2022-01-29 19:37:59,153:INFO:Calculating mean and std
2022-01-29 19:37:59,153:INFO:Creating metrics dataframe
2022-01-29 19:37:59,163:INFO:Uploading results into container
2022-01-29 19:37:59,163:INFO:Uploading model into container now
2022-01-29 19:37:59,164:INFO:create_model_container: 8
2022-01-29 19:37:59,164:INFO:master_model_container: 8
2022-01-29 19:37:59,164:INFO:display_container: 2
2022-01-29 19:37:59,164:INFO:AdaBoostClassifier(algorithm='SAMME.R', base_estimator=None, learning_rate=1.0,
                   n_estimators=50, random_state=21)
2022-01-29 19:37:59,164:INFO:create_model() succesfully completed......................................
2022-01-29 19:37:59,254:INFO:SubProcess create_model() end ==================================
2022-01-29 19:37:59,254:INFO:Creating metrics dataframe
2022-01-29 19:37:59,285:INFO:Initializing Linear Discriminant Analysis
2022-01-29 19:37:59,285:INFO:Total runtime is 0.2720933039983114 minutes
2022-01-29 19:37:59,317:INFO:SubProcess create_model() called ==================================
2022-01-29 19:37:59,318:INFO:Initializing create_model()
2022-01-29 19:37:59,318:INFO:create_model(estimator=lda, fold=StratifiedKFold(n_splits=10, random_state=21, shuffle=False), round=4, cross_validation=True, predict=True, fit_kwargs={}, groups=None, refit=False, verbose=False, system=False, metrics=None, display=<pycaret.internal.Display.Display object at 0x000001CD220790F0>, kwargs={})
2022-01-29 19:37:59,319:INFO:Checking exceptions
2022-01-29 19:37:59,319:INFO:Importing libraries
2022-01-29 19:37:59,319:INFO:Copying training dataset
2022-01-29 19:37:59,321:INFO:Defining folds
2022-01-29 19:37:59,322:INFO:Declaring metric variables
2022-01-29 19:37:59,349:INFO:Importing untrained model
2022-01-29 19:37:59,373:INFO:Linear Discriminant Analysis Imported succesfully
2022-01-29 19:37:59,411:INFO:Starting cross validation
2022-01-29 19:37:59,412:INFO:Cross validating with StratifiedKFold(n_splits=10, random_state=21, shuffle=False), n_jobs=-1
2022-01-29 19:37:59,583:INFO:Calculating mean and std
2022-01-29 19:37:59,583:INFO:Creating metrics dataframe
2022-01-29 19:37:59,592:INFO:Uploading results into container
2022-01-29 19:37:59,593:INFO:Uploading model into container now
2022-01-29 19:37:59,593:INFO:create_model_container: 9
2022-01-29 19:37:59,593:INFO:master_model_container: 9
2022-01-29 19:37:59,593:INFO:display_container: 2
2022-01-29 19:37:59,594:INFO:LinearDiscriminantAnalysis(n_components=None, priors=None, shrinkage=None,
                           solver='svd', store_covariance=False, tol=0.0001)
2022-01-29 19:37:59,594:INFO:create_model() succesfully completed......................................
2022-01-29 19:37:59,689:INFO:SubProcess create_model() end ==================================
2022-01-29 19:37:59,689:INFO:Creating metrics dataframe
2022-01-29 19:37:59,718:INFO:Initializing Extra Trees Classifier
2022-01-29 19:37:59,719:INFO:Total runtime is 0.2793076872825623 minutes
2022-01-29 19:37:59,731:INFO:SubProcess create_model() called ==================================
2022-01-29 19:37:59,732:INFO:Initializing create_model()
2022-01-29 19:37:59,732:INFO:create_model(estimator=et, fold=StratifiedKFold(n_splits=10, random_state=21, shuffle=False), round=4, cross_validation=True, predict=True, fit_kwargs={}, groups=None, refit=False, verbose=False, system=False, metrics=None, display=<pycaret.internal.Display.Display object at 0x000001CD220790F0>, kwargs={})
2022-01-29 19:37:59,732:INFO:Checking exceptions
2022-01-29 19:37:59,732:INFO:Importing libraries
2022-01-29 19:37:59,732:INFO:Copying training dataset
2022-01-29 19:37:59,733:INFO:Defining folds
2022-01-29 19:37:59,734:INFO:Declaring metric variables
2022-01-29 19:37:59,753:INFO:Importing untrained model
2022-01-29 19:37:59,778:INFO:Extra Trees Classifier Imported succesfully
2022-01-29 19:37:59,835:INFO:Starting cross validation
2022-01-29 19:37:59,836:INFO:Cross validating with StratifiedKFold(n_splits=10, random_state=21, shuffle=False), n_jobs=-1
2022-01-29 19:38:04,724:INFO:Calculating mean and std
2022-01-29 19:38:04,724:INFO:Creating metrics dataframe
2022-01-29 19:38:04,740:INFO:Uploading results into container
2022-01-29 19:38:04,740:INFO:Uploading model into container now
2022-01-29 19:38:04,740:INFO:create_model_container: 10
2022-01-29 19:38:04,740:INFO:master_model_container: 10
2022-01-29 19:38:04,740:INFO:display_container: 2
2022-01-29 19:38:04,740:INFO:ExtraTreesClassifier(bootstrap=False, ccp_alpha=0.0, class_weight=None,
                     criterion='gini', max_depth=None, max_features='auto',
                     max_leaf_nodes=None, max_samples=None,
                     min_impurity_decrease=0.0, min_impurity_split=None,
                     min_samples_leaf=1, min_samples_split=2,
                     min_weight_fraction_leaf=0.0, n_estimators=100, n_jobs=-1,
                     oob_score=False, random_state=21, verbose=0,
                     warm_start=False)
2022-01-29 19:38:04,740:INFO:create_model() succesfully completed......................................
2022-01-29 19:38:04,864:INFO:SubProcess create_model() end ==================================
2022-01-29 19:38:04,864:INFO:Creating metrics dataframe
2022-01-29 19:38:04,880:INFO:Initializing Extreme Gradient Boosting
2022-01-29 19:38:04,880:INFO:Total runtime is 0.3653466900189718 minutes
2022-01-29 19:38:04,896:INFO:SubProcess create_model() called ==================================
2022-01-29 19:38:04,896:INFO:Initializing create_model()
2022-01-29 19:38:04,896:INFO:create_model(estimator=xgboost, fold=StratifiedKFold(n_splits=10, random_state=21, shuffle=False), round=4, cross_validation=True, predict=True, fit_kwargs={}, groups=None, refit=False, verbose=False, system=False, metrics=None, display=<pycaret.internal.Display.Display object at 0x000001CD220790F0>, kwargs={})
2022-01-29 19:38:04,896:INFO:Checking exceptions
2022-01-29 19:38:04,896:INFO:Importing libraries
2022-01-29 19:38:04,896:INFO:Copying training dataset
2022-01-29 19:38:04,896:INFO:Defining folds
2022-01-29 19:38:04,896:INFO:Declaring metric variables
2022-01-29 19:38:04,911:INFO:Importing untrained model
2022-01-29 19:38:04,927:INFO:Extreme Gradient Boosting Imported succesfully
2022-01-29 19:38:04,959:INFO:Starting cross validation
2022-01-29 19:38:04,964:INFO:Cross validating with StratifiedKFold(n_splits=10, random_state=21, shuffle=False), n_jobs=-1
2022-01-29 19:38:11,580:INFO:Calculating mean and std
2022-01-29 19:38:11,583:INFO:Creating metrics dataframe
2022-01-29 19:38:11,592:INFO:Uploading results into container
2022-01-29 19:38:11,592:INFO:Uploading model into container now
2022-01-29 19:38:11,592:INFO:create_model_container: 11
2022-01-29 19:38:11,592:INFO:master_model_container: 11
2022-01-29 19:38:11,592:INFO:display_container: 2
2022-01-29 19:38:11,592:INFO:XGBClassifier(base_score=None, booster='gbtree', colsample_bylevel=None,
              colsample_bynode=None, colsample_bytree=None, gamma=None,
              gpu_id=None, importance_type='gain', interaction_constraints=None,
              learning_rate=None, max_delta_step=None, max_depth=None,
              min_child_weight=None, missing=nan, monotone_constraints=None,
              n_estimators=100, n_jobs=-1, num_parallel_tree=None,
              objective='binary:logistic', random_state=21, reg_alpha=None,
              reg_lambda=None, scale_pos_weight=None, subsample=None,
              tree_method='auto', use_label_encoder=True,
              validate_parameters=None, verbosity=0)
2022-01-29 19:38:11,592:INFO:create_model() succesfully completed......................................
2022-01-29 19:38:11,709:INFO:SubProcess create_model() end ==================================
2022-01-29 19:38:11,709:INFO:Creating metrics dataframe
2022-01-29 19:38:11,781:INFO:Initializing Light Gradient Boosting Machine
2022-01-29 19:38:11,782:INFO:Total runtime is 0.48038186629613244 minutes
2022-01-29 19:38:11,807:INFO:SubProcess create_model() called ==================================
2022-01-29 19:38:11,808:INFO:Initializing create_model()
2022-01-29 19:38:11,808:INFO:create_model(estimator=lightgbm, fold=StratifiedKFold(n_splits=10, random_state=21, shuffle=False), round=4, cross_validation=True, predict=True, fit_kwargs={}, groups=None, refit=False, verbose=False, system=False, metrics=None, display=<pycaret.internal.Display.Display object at 0x000001CD220790F0>, kwargs={})
2022-01-29 19:38:11,809:INFO:Checking exceptions
2022-01-29 19:38:11,810:INFO:Importing libraries
2022-01-29 19:38:11,810:INFO:Copying training dataset
2022-01-29 19:38:11,812:INFO:Defining folds
2022-01-29 19:38:11,812:INFO:Declaring metric variables
2022-01-29 19:38:11,825:INFO:Importing untrained model
2022-01-29 19:38:11,841:INFO:Light Gradient Boosting Machine Imported succesfully
2022-01-29 19:38:11,872:INFO:Starting cross validation
2022-01-29 19:38:11,872:INFO:Cross validating with StratifiedKFold(n_splits=10, random_state=21, shuffle=False), n_jobs=-1
2022-01-29 19:38:14,389:INFO:Calculating mean and std
2022-01-29 19:38:14,392:INFO:Creating metrics dataframe
2022-01-29 19:38:14,404:INFO:Uploading results into container
2022-01-29 19:38:14,405:INFO:Uploading model into container now
2022-01-29 19:38:14,405:INFO:create_model_container: 12
2022-01-29 19:38:14,405:INFO:master_model_container: 12
2022-01-29 19:38:14,405:INFO:display_container: 2
2022-01-29 19:38:14,407:INFO:LGBMClassifier(boosting_type='gbdt', class_weight=None, colsample_bytree=1.0,
               importance_type='split', learning_rate=0.1, max_depth=-1,
               min_child_samples=20, min_child_weight=0.001, min_split_gain=0.0,
               n_estimators=100, n_jobs=-1, num_leaves=31, objective=None,
               random_state=21, reg_alpha=0.0, reg_lambda=0.0, silent=True,
               subsample=1.0, subsample_for_bin=200000, subsample_freq=0)
2022-01-29 19:38:14,407:INFO:create_model() succesfully completed......................................
2022-01-29 19:38:14,541:INFO:SubProcess create_model() end ==================================
2022-01-29 19:38:14,541:INFO:Creating metrics dataframe
2022-01-29 19:38:14,649:INFO:Initializing create_model()
2022-01-29 19:38:14,649:INFO:create_model(estimator=RandomForestClassifier(bootstrap=True, ccp_alpha=0.0, class_weight=None,
                       criterion='gini', max_depth=None, max_features='auto',
                       max_leaf_nodes=None, max_samples=None,
                       min_impurity_decrease=0.0, min_impurity_split=None,
                       min_samples_leaf=1, min_samples_split=2,
                       min_weight_fraction_leaf=0.0, n_estimators=100,
                       n_jobs=-1, oob_score=False, random_state=21, verbose=0,
                       warm_start=False), fold=StratifiedKFold(n_splits=10, random_state=21, shuffle=False), round=4, cross_validation=False, predict=False, fit_kwargs={}, groups=None, refit=True, verbose=False, system=False, metrics=None, display=None, kwargs={})
2022-01-29 19:38:14,649:INFO:Checking exceptions
2022-01-29 19:38:14,650:INFO:Importing libraries
2022-01-29 19:38:14,650:INFO:Copying training dataset
2022-01-29 19:38:14,652:INFO:Defining folds
2022-01-29 19:38:14,652:INFO:Declaring metric variables
2022-01-29 19:38:14,652:INFO:Importing untrained model
2022-01-29 19:38:14,652:INFO:Declaring custom model
2022-01-29 19:38:14,655:INFO:Random Forest Classifier Imported succesfully
2022-01-29 19:38:14,656:INFO:Cross validation set to False
2022-01-29 19:38:14,656:INFO:Fitting Model
2022-01-29 19:38:15,787:INFO:RandomForestClassifier(bootstrap=True, ccp_alpha=0.0, class_weight=None,
                       criterion='gini', max_depth=None, max_features='auto',
                       max_leaf_nodes=None, max_samples=None,
                       min_impurity_decrease=0.0, min_impurity_split=None,
                       min_samples_leaf=1, min_samples_split=2,
                       min_weight_fraction_leaf=0.0, n_estimators=100,
                       n_jobs=-1, oob_score=False, random_state=21, verbose=0,
                       warm_start=False)
2022-01-29 19:38:15,787:INFO:create_models() succesfully completed......................................
2022-01-29 19:38:15,964:INFO:create_model_container: 12
2022-01-29 19:38:15,964:INFO:master_model_container: 12
2022-01-29 19:38:15,964:INFO:display_container: 2
2022-01-29 19:38:15,970:INFO:RandomForestClassifier(bootstrap=True, ccp_alpha=0.0, class_weight=None,
                       criterion='gini', max_depth=None, max_features='auto',
                       max_leaf_nodes=None, max_samples=None,
                       min_impurity_decrease=0.0, min_impurity_split=None,
                       min_samples_leaf=1, min_samples_split=2,
                       min_weight_fraction_leaf=0.0, n_estimators=100,
                       n_jobs=-1, oob_score=False, random_state=21, verbose=0,
                       warm_start=False)
2022-01-29 19:38:15,970:INFO:compare_models() succesfully completed......................................
2022-01-29 19:39:03,255:INFO:Initializing create_model()
2022-01-29 19:39:03,256:INFO:create_model(estimator=lightgbm, fold=None, round=4, cross_validation=True, predict=True, fit_kwargs=None, groups=None, refit=True, verbose=True, system=True, metrics=None, display=None, kwargs={})
2022-01-29 19:39:03,256:INFO:Checking exceptions
2022-01-29 19:39:03,256:INFO:Preparing display monitor
2022-01-29 19:39:03,285:INFO:Importing libraries
2022-01-29 19:39:03,286:INFO:Copying training dataset
2022-01-29 19:39:03,287:INFO:Defining folds
2022-01-29 19:39:03,287:INFO:Declaring metric variables
2022-01-29 19:39:03,308:INFO:Importing untrained model
2022-01-29 19:39:03,336:INFO:Light Gradient Boosting Machine Imported succesfully
2022-01-29 19:39:03,392:INFO:Starting cross validation
2022-01-29 19:39:03,394:INFO:Cross validating with StratifiedKFold(n_splits=10, random_state=21, shuffle=False), n_jobs=-1
2022-01-29 19:39:05,424:INFO:Calculating mean and std
2022-01-29 19:39:05,427:INFO:Creating metrics dataframe
2022-01-29 19:39:05,459:INFO:Finalizing model
2022-01-29 19:39:05,746:INFO:Uploading results into container
2022-01-29 19:39:05,746:INFO:Uploading model into container now
2022-01-29 19:39:05,789:INFO:create_model_container: 13
2022-01-29 19:39:05,789:INFO:master_model_container: 13
2022-01-29 19:39:05,789:INFO:display_container: 3
2022-01-29 19:39:05,794:INFO:LGBMClassifier(boosting_type='gbdt', class_weight=None, colsample_bytree=1.0,
               importance_type='split', learning_rate=0.1, max_depth=-1,
               min_child_samples=20, min_child_weight=0.001, min_split_gain=0.0,
               n_estimators=100, n_jobs=-1, num_leaves=31, objective=None,
               random_state=21, reg_alpha=0.0, reg_lambda=0.0, silent=True,
               subsample=1.0, subsample_for_bin=200000, subsample_freq=0)
2022-01-29 19:39:05,794:INFO:create_model() succesfully completed......................................
2022-01-29 19:40:31,010:INFO:Initializing tune_model()
2022-01-29 19:40:31,011:INFO:tune_model(estimator=LGBMClassifier(boosting_type='gbdt', class_weight=None, colsample_bytree=1.0,
               importance_type='split', learning_rate=0.1, max_depth=-1,
               min_child_samples=20, min_child_weight=0.001, min_split_gain=0.0,
               n_estimators=100, n_jobs=-1, num_leaves=31, objective=None,
               random_state=21, reg_alpha=0.0, reg_lambda=0.0, silent=True,
               subsample=1.0, subsample_for_bin=200000, subsample_freq=0), fold=None, round=4, n_iter=20, custom_grid=None, optimize=AUC, custom_scorer=None, search_library=scikit-learn, search_algorithm=None, early_stopping=False, early_stopping_max_iters=10, choose_better=False, fit_kwargs=None, groups=None, return_tuner=False, verbose=True, tuner_verbose=True, display=None, kwargs={})
2022-01-29 19:40:31,011:INFO:Checking exceptions
2022-01-29 19:40:31,014:INFO:Preparing display monitor
2022-01-29 19:40:31,045:INFO:Copying training dataset
2022-01-29 19:40:31,048:INFO:Checking base model
2022-01-29 19:40:31,050:INFO:Base model : Light Gradient Boosting Machine
2022-01-29 19:40:31,069:INFO:Declaring metric variables
2022-01-29 19:40:31,093:INFO:Defining Hyperparameters
2022-01-29 19:40:31,224:INFO:Tuning with n_jobs=-1
2022-01-29 19:40:31,224:INFO:Initializing RandomizedSearchCV
2022-01-29 19:41:07,334:INFO:best_params: {'actual_estimator__reg_lambda': 0.2, 'actual_estimator__reg_alpha': 0.3, 'actual_estimator__num_leaves': 80, 'actual_estimator__n_estimators': 180, 'actual_estimator__min_split_gain': 0.2, 'actual_estimator__min_child_samples': 30, 'actual_estimator__learning_rate': 0.199, 'actual_estimator__feature_fraction': 1.0, 'actual_estimator__bagging_freq': 1, 'actual_estimator__bagging_fraction': 0.9}
2022-01-29 19:41:07,336:INFO:Random search completed
2022-01-29 19:41:07,336:INFO:SubProcess create_model() called ==================================
2022-01-29 19:41:07,338:INFO:Initializing create_model()
2022-01-29 19:41:07,338:INFO:create_model(estimator=LGBMClassifier(boosting_type='gbdt', class_weight=None, colsample_bytree=1.0,
               importance_type='split', learning_rate=0.1, max_depth=-1,
               min_child_samples=20, min_child_weight=0.001, min_split_gain=0.0,
               n_estimators=100, n_jobs=-1, num_leaves=31, objective=None,
               random_state=21, reg_alpha=0.0, reg_lambda=0.0, silent=True,
               subsample=1.0, subsample_for_bin=200000, subsample_freq=0), fold=StratifiedKFold(n_splits=10, random_state=21, shuffle=False), round=4, cross_validation=True, predict=True, fit_kwargs={}, groups=None, refit=True, verbose=True, system=False, metrics=None, display=<pycaret.internal.Display.Display object at 0x000001CD211D27B8>, kwargs={'reg_lambda': 0.2, 'reg_alpha': 0.3, 'num_leaves': 80, 'n_estimators': 180, 'min_split_gain': 0.2, 'min_child_samples': 30, 'learning_rate': 0.199, 'feature_fraction': 1.0, 'bagging_freq': 1, 'bagging_fraction': 0.9})
2022-01-29 19:41:07,338:INFO:Checking exceptions
2022-01-29 19:41:07,338:INFO:Importing libraries
2022-01-29 19:41:07,338:INFO:Copying training dataset
2022-01-29 19:41:07,340:INFO:Defining folds
2022-01-29 19:41:07,340:INFO:Declaring metric variables
2022-01-29 19:41:07,361:INFO:Importing untrained model
2022-01-29 19:41:07,361:INFO:Declaring custom model
2022-01-29 19:41:07,378:INFO:Light Gradient Boosting Machine Imported succesfully
2022-01-29 19:41:07,433:INFO:Starting cross validation
2022-01-29 19:41:07,437:INFO:Cross validating with StratifiedKFold(n_splits=10, random_state=21, shuffle=False), n_jobs=-1
2022-01-29 19:41:10,237:INFO:Calculating mean and std
2022-01-29 19:41:10,239:INFO:Creating metrics dataframe
2022-01-29 19:41:10,263:INFO:Finalizing model
2022-01-29 19:41:10,615:INFO:Uploading results into container
2022-01-29 19:41:10,615:INFO:Uploading model into container now
2022-01-29 19:41:10,615:INFO:create_model_container: 14
2022-01-29 19:41:10,615:INFO:master_model_container: 14
2022-01-29 19:41:10,615:INFO:display_container: 4
2022-01-29 19:41:10,623:INFO:LGBMClassifier(bagging_fraction=0.9, bagging_freq=1, boosting_type='gbdt',
               class_weight=None, colsample_bytree=1.0, feature_fraction=1.0,
               importance_type='split', learning_rate=0.199, max_depth=-1,
               min_child_samples=30, min_child_weight=0.001, min_split_gain=0.2,
               n_estimators=180, n_jobs=-1, num_leaves=80, objective=None,
               random_state=21, reg_alpha=0.3, reg_lambda=0.2, silent=True,
               subsample=1.0, subsample_for_bin=200000, subsample_freq=0)
2022-01-29 19:41:10,623:INFO:create_model() succesfully completed......................................
2022-01-29 19:41:10,754:INFO:SubProcess create_model() end ==================================
2022-01-29 19:41:10,774:INFO:create_model_container: 14
2022-01-29 19:41:10,774:INFO:master_model_container: 14
2022-01-29 19:41:10,774:INFO:display_container: 4
2022-01-29 19:41:10,774:INFO:LGBMClassifier(bagging_fraction=0.9, bagging_freq=1, boosting_type='gbdt',
               class_weight=None, colsample_bytree=1.0, feature_fraction=1.0,
               importance_type='split', learning_rate=0.199, max_depth=-1,
               min_child_samples=30, min_child_weight=0.001, min_split_gain=0.2,
               n_estimators=180, n_jobs=-1, num_leaves=80, objective=None,
               random_state=21, reg_alpha=0.3, reg_lambda=0.2, silent=True,
               subsample=1.0, subsample_for_bin=200000, subsample_freq=0)
2022-01-29 19:41:10,774:INFO:tune_model() succesfully completed......................................
2022-01-29 19:41:52,541:INFO:Initializing tune_model()
2022-01-29 19:41:52,541:INFO:tune_model(estimator=LGBMClassifier(boosting_type='gbdt', class_weight=None, colsample_bytree=1.0,
               importance_type='split', learning_rate=0.1, max_depth=-1,
               min_child_samples=20, min_child_weight=0.001, min_split_gain=0.0,
               n_estimators=100, n_jobs=-1, num_leaves=31, objective=None,
               random_state=21, reg_alpha=0.0, reg_lambda=0.0, silent=True,
               subsample=1.0, subsample_for_bin=200000, subsample_freq=0), fold=None, round=4, n_iter=5, custom_grid=None, optimize=AUC, custom_scorer=None, search_library=scikit-learn, search_algorithm=None, early_stopping=False, early_stopping_max_iters=10, choose_better=False, fit_kwargs=None, groups=None, return_tuner=False, verbose=True, tuner_verbose=True, display=None, kwargs={})
2022-01-29 19:41:52,541:INFO:Checking exceptions
2022-01-29 19:41:52,543:INFO:Preparing display monitor
2022-01-29 19:41:52,582:INFO:Copying training dataset
2022-01-29 19:41:52,585:INFO:Checking base model
2022-01-29 19:41:52,586:INFO:Base model : Light Gradient Boosting Machine
2022-01-29 19:41:52,606:INFO:Declaring metric variables
2022-01-29 19:41:52,629:INFO:Defining Hyperparameters
2022-01-29 19:41:52,728:INFO:Tuning with n_jobs=-1
2022-01-29 19:41:52,728:INFO:Initializing RandomizedSearchCV
2022-01-29 19:42:04,806:INFO:best_params: {'actual_estimator__reg_lambda': 2, 'actual_estimator__reg_alpha': 0.0001, 'actual_estimator__num_leaves': 200, 'actual_estimator__n_estimators': 180, 'actual_estimator__min_split_gain': 0.1, 'actual_estimator__min_child_samples': 20, 'actual_estimator__learning_rate': 0.143, 'actual_estimator__feature_fraction': 0.9, 'actual_estimator__bagging_freq': 6, 'actual_estimator__bagging_fraction': 0.6}
2022-01-29 19:42:04,814:INFO:Random search completed
2022-01-29 19:42:04,814:INFO:SubProcess create_model() called ==================================
2022-01-29 19:42:04,816:INFO:Initializing create_model()
2022-01-29 19:42:04,816:INFO:create_model(estimator=LGBMClassifier(boosting_type='gbdt', class_weight=None, colsample_bytree=1.0,
               importance_type='split', learning_rate=0.1, max_depth=-1,
               min_child_samples=20, min_child_weight=0.001, min_split_gain=0.0,
               n_estimators=100, n_jobs=-1, num_leaves=31, objective=None,
               random_state=21, reg_alpha=0.0, reg_lambda=0.0, silent=True,
               subsample=1.0, subsample_for_bin=200000, subsample_freq=0), fold=StratifiedKFold(n_splits=10, random_state=21, shuffle=False), round=4, cross_validation=True, predict=True, fit_kwargs={}, groups=None, refit=True, verbose=True, system=False, metrics=None, display=<pycaret.internal.Display.Display object at 0x000001CD075F6A58>, kwargs={'reg_lambda': 2, 'reg_alpha': 0.0001, 'num_leaves': 200, 'n_estimators': 180, 'min_split_gain': 0.1, 'min_child_samples': 20, 'learning_rate': 0.143, 'feature_fraction': 0.9, 'bagging_freq': 6, 'bagging_fraction': 0.6})
2022-01-29 19:42:04,816:INFO:Checking exceptions
2022-01-29 19:42:04,816:INFO:Importing libraries
2022-01-29 19:42:04,816:INFO:Copying training dataset
2022-01-29 19:42:04,816:INFO:Defining folds
2022-01-29 19:42:04,816:INFO:Declaring metric variables
2022-01-29 19:42:04,836:INFO:Importing untrained model
2022-01-29 19:42:04,836:INFO:Declaring custom model
2022-01-29 19:42:04,856:INFO:Light Gradient Boosting Machine Imported succesfully
2022-01-29 19:42:04,903:INFO:Starting cross validation
2022-01-29 19:42:04,905:INFO:Cross validating with StratifiedKFold(n_splits=10, random_state=21, shuffle=False), n_jobs=-1
2022-01-29 19:42:11,629:INFO:Calculating mean and std
2022-01-29 19:42:11,629:INFO:Creating metrics dataframe
2022-01-29 19:42:11,659:INFO:Finalizing model
2022-01-29 19:42:12,589:INFO:Uploading results into container
2022-01-29 19:42:12,590:INFO:Uploading model into container now
2022-01-29 19:42:12,590:INFO:create_model_container: 15
2022-01-29 19:42:12,590:INFO:master_model_container: 15
2022-01-29 19:42:12,590:INFO:display_container: 5
2022-01-29 19:42:12,592:INFO:LGBMClassifier(bagging_fraction=0.6, bagging_freq=6, boosting_type='gbdt',
               class_weight=None, colsample_bytree=1.0, feature_fraction=0.9,
               importance_type='split', learning_rate=0.143, max_depth=-1,
               min_child_samples=20, min_child_weight=0.001, min_split_gain=0.1,
               n_estimators=180, n_jobs=-1, num_leaves=200, objective=None,
               random_state=21, reg_alpha=0.0001, reg_lambda=2, silent=True,
               subsample=1.0, subsample_for_bin=200000, subsample_freq=0)
2022-01-29 19:42:12,592:INFO:create_model() succesfully completed......................................
2022-01-29 19:42:12,716:INFO:SubProcess create_model() end ==================================
2022-01-29 19:42:12,747:INFO:create_model_container: 15
2022-01-29 19:42:12,747:INFO:master_model_container: 15
2022-01-29 19:42:12,747:INFO:display_container: 5
2022-01-29 19:42:12,747:INFO:LGBMClassifier(bagging_fraction=0.6, bagging_freq=6, boosting_type='gbdt',
               class_weight=None, colsample_bytree=1.0, feature_fraction=0.9,
               importance_type='split', learning_rate=0.143, max_depth=-1,
               min_child_samples=20, min_child_weight=0.001, min_split_gain=0.1,
               n_estimators=180, n_jobs=-1, num_leaves=200, objective=None,
               random_state=21, reg_alpha=0.0001, reg_lambda=2, silent=True,
               subsample=1.0, subsample_for_bin=200000, subsample_freq=0)
2022-01-29 19:42:12,747:INFO:tune_model() succesfully completed......................................
2022-01-29 19:42:30,223:INFO:Initializing finalize_model()
2022-01-29 19:42:30,224:INFO:finalize_model(estimator=LGBMClassifier(boosting_type='gbdt', class_weight=None, colsample_bytree=1.0,
               importance_type='split', learning_rate=0.1, max_depth=-1,
               min_child_samples=20, min_child_weight=0.001, min_split_gain=0.0,
               n_estimators=100, n_jobs=-1, num_leaves=31, objective=None,
               random_state=21, reg_alpha=0.0, reg_lambda=0.0, silent=True,
               subsample=1.0, subsample_for_bin=200000, subsample_freq=0), fit_kwargs=None, groups=None, model_only=True, display=None)
2022-01-29 19:42:30,225:INFO:Finalizing LGBMClassifier(boosting_type='gbdt', class_weight=None, colsample_bytree=1.0,
               importance_type='split', learning_rate=0.1, max_depth=-1,
               min_child_samples=20, min_child_weight=0.001, min_split_gain=0.0,
               n_estimators=100, n_jobs=-1, num_leaves=31, objective=None,
               random_state=21, reg_alpha=0.0, reg_lambda=0.0, silent=True,
               subsample=1.0, subsample_for_bin=200000, subsample_freq=0)
2022-01-29 19:42:30,226:INFO:Initializing create_model()
2022-01-29 19:42:30,226:INFO:create_model(estimator=LGBMClassifier(boosting_type='gbdt', class_weight=None, colsample_bytree=1.0,
               importance_type='split', learning_rate=0.1, max_depth=-1,
               min_child_samples=20, min_child_weight=0.001, min_split_gain=0.0,
               n_estimators=100, n_jobs=-1, num_leaves=31, objective=None,
               random_state=21, reg_alpha=0.0, reg_lambda=0.0, silent=True,
               subsample=1.0, subsample_for_bin=200000, subsample_freq=0), fold=None, round=4, cross_validation=True, predict=True, fit_kwargs={}, groups=None, refit=True, verbose=False, system=False, metrics=None, display=None, kwargs={})
2022-01-29 19:42:30,226:INFO:Checking exceptions
2022-01-29 19:42:30,227:INFO:Importing libraries
2022-01-29 19:42:30,227:INFO:Copying training dataset
2022-01-29 19:42:30,228:INFO:Defining folds
2022-01-29 19:42:30,228:INFO:Declaring metric variables
2022-01-29 19:42:30,229:INFO:Importing untrained model
2022-01-29 19:42:30,229:INFO:Declaring custom model
2022-01-29 19:42:30,230:INFO:Light Gradient Boosting Machine Imported succesfully
2022-01-29 19:42:30,230:INFO:Starting cross validation
2022-01-29 19:42:30,231:INFO:Cross validating with StratifiedKFold(n_splits=10, random_state=21, shuffle=False), n_jobs=-1
2022-01-29 19:42:32,365:INFO:Calculating mean and std
2022-01-29 19:42:32,366:INFO:Creating metrics dataframe
2022-01-29 19:42:32,377:INFO:Finalizing model
2022-01-29 19:42:32,716:INFO:Uploading results into container
2022-01-29 19:42:32,716:INFO:Uploading model into container now
2022-01-29 19:42:32,716:INFO:create_model_container: 16
2022-01-29 19:42:32,716:INFO:master_model_container: 16
2022-01-29 19:42:32,716:INFO:display_container: 6
2022-01-29 19:42:32,718:INFO:LGBMClassifier(boosting_type='gbdt', class_weight=None, colsample_bytree=1.0,
               importance_type='split', learning_rate=0.1, max_depth=-1,
               min_child_samples=20, min_child_weight=0.001, min_split_gain=0.0,
               n_estimators=100, n_jobs=-1, num_leaves=31, objective=None,
               random_state=21, reg_alpha=0.0, reg_lambda=0.0, silent=True,
               subsample=1.0, subsample_for_bin=200000, subsample_freq=0)
2022-01-29 19:42:32,718:INFO:create_model() succesfully completed......................................
2022-01-29 19:42:32,875:INFO:create_model_container: 16
2022-01-29 19:42:32,875:INFO:master_model_container: 16
2022-01-29 19:42:32,875:INFO:display_container: 5
2022-01-29 19:42:32,876:INFO:LGBMClassifier(boosting_type='gbdt', class_weight=None, colsample_bytree=1.0,
               importance_type='split', learning_rate=0.1, max_depth=-1,
               min_child_samples=20, min_child_weight=0.001, min_split_gain=0.0,
               n_estimators=100, n_jobs=-1, num_leaves=31, objective=None,
               random_state=21, reg_alpha=0.0, reg_lambda=0.0, silent=True,
               subsample=1.0, subsample_for_bin=200000, subsample_freq=0)
2022-01-29 19:42:32,876:INFO:finalize_model() succesfully completed......................................
2022-01-29 19:44:24,278:INFO:Initializing save_model()
2022-01-29 19:44:24,278:INFO:save_model(model=LGBMClassifier(boosting_type='gbdt', class_weight=None, colsample_bytree=1.0,
               importance_type='split', learning_rate=0.1, max_depth=-1,
               min_child_samples=20, min_child_weight=0.001, min_split_gain=0.0,
               n_estimators=100, n_jobs=-1, num_leaves=31, objective=None,
               random_state=21, reg_alpha=0.0, reg_lambda=0.0, silent=True,
               subsample=1.0, subsample_for_bin=200000, subsample_freq=0), model_name=C:/Users/GoldenEye2.0/Desktop/QSB/MMAs/2. MLOps/Google Kubernetes Powerplant/deploy_pps, prep_pipe_=Pipeline(memory=None,
         steps=[('dtypes',
                 DataTypes_Auto_infer(categorical_features=[],
                                      display_types=True, features_todrop=[],
                                      id_columns=[],
                                      ml_usecase='classification',
                                      numerical_features=[], target='Class',
                                      time_features=[])),
                ('imputer',
                 Simple_Imputer(categorical_strategy='not_available',
                                fill_value_categorical=None,
                                fill_value_numerical=None,
                                numeric_strate...
                ('scaling', 'passthrough'), ('P_transform', 'passthrough'),
                ('binn', 'passthrough'), ('rem_outliers', 'passthrough'),
                ('cluster_all', 'passthrough'),
                ('dummy', Dummify(target='Class')),
                ('fix_perfect', Remove_100(target='Class')),
                ('clean_names', Clean_Colum_Names()),
                ('feature_select', 'passthrough'), ('fix_multi', 'passthrough'),
                ('dfs', 'passthrough'), ('pca', 'passthrough')],
         verbose=False), verbose=True)
2022-01-29 19:44:24,279:INFO:Adding model into prep_pipe
2022-01-29 19:44:24,308:INFO:C:/Users/GoldenEye2.0/Desktop/QSB/MMAs/2. MLOps/Google Kubernetes Powerplant/deploy_pps.pkl saved in current working directory
2022-01-29 19:44:24,327:INFO:Pipeline(memory=None,
         steps=[('dtypes',
                 DataTypes_Auto_infer(categorical_features=[],
                                      display_types=True, features_todrop=[],
                                      id_columns=[],
                                      ml_usecase='classification',
                                      numerical_features=[], target='Class',
                                      time_features=[])),
                ('imputer',
                 Simple_Imputer(categorical_strategy='not_available',
                                fill_value_categorical=None,
                                fill_value_numerical=None,
                                numeric_strate...
                 LGBMClassifier(boosting_type='gbdt', class_weight=None,
                                colsample_bytree=1.0, importance_type='split',
                                learning_rate=0.1, max_depth=-1,
                                min_child_samples=20, min_child_weight=0.001,
                                min_split_gain=0.0, n_estimators=100, n_jobs=-1,
                                num_leaves=31, objective=None, random_state=21,
                                reg_alpha=0.0, reg_lambda=0.0, silent=True,
                                subsample=1.0, subsample_for_bin=200000,
                                subsample_freq=0)]],
         verbose=False)
2022-01-29 19:44:24,327:INFO:save_model() succesfully completed......................................
2022-01-29 19:48:56,107:INFO:Initializing load_model()
2022-01-29 19:48:56,107:INFO:load_model(model_name=deploy_pps, platform=None, authentication=None, verbose=True)
2022-01-29 19:49:01,577:INFO:Initializing load_model()
2022-01-29 19:49:01,577:INFO:load_model(model_name=deploy_pps, platform=None, authentication=None, verbose=True)
2022-01-29 19:50:10,187:INFO:Initializing predict_model()
2022-01-29 19:50:10,187:INFO:predict_model(estimator=Pipeline(steps=[('dtypes',
                 DataTypes_Auto_infer(ml_usecase='classification',
                                      target='Class')),
                ('imputer',
                 Simple_Imputer(categorical_strategy='not_available',
                                fill_value_categorical=None,
                                fill_value_numerical=None,
                                numeric_strategy='mean',
                                target_variable=None)),
                ('new_levels1',
                 New_Catagorical_Levels_in_TestData(replacement_strategy='least '
                                                                         'frequent',
                                                    targe...
                ('binn', 'passthrough'), ('rem_outliers', 'passthrough'),
                ('cluster_all', 'passthrough'),
                ('dummy', Dummify(target='Class')),
                ('fix_perfect', Remove_100(target='Class')),
                ('clean_names', Clean_Colum_Names()),
                ('feature_select', 'passthrough'), ('fix_multi', 'passthrough'),
                ('dfs', 'passthrough'), ('pca', 'passthrough'),
                ['trained_model', LGBMClassifier(random_state=21)]]), probability_threshold=None, encoded_labels=False, round=4, verbose=True, ml_usecase=MLUsecase.CLASSIFICATION, display=None)
2022-01-29 19:50:10,187:INFO:Checking exceptions
2022-01-29 19:50:10,187:INFO:Preloading libraries
2022-01-29 19:50:16,809:INFO:Initializing load_model()
2022-01-29 19:50:16,809:INFO:load_model(model_name=deploy_pps, platform=None, authentication=None, verbose=True)
2022-01-29 19:51:21,838:INFO:Initializing load_model()
2022-01-29 19:51:21,838:INFO:load_model(model_name=deploy_pps, platform=None, authentication=None, verbose=True)
2022-01-29 19:52:01,154:INFO:Initializing predict_model()
2022-01-29 19:52:01,154:INFO:predict_model(estimator=Pipeline(steps=[('dtypes',
                 DataTypes_Auto_infer(ml_usecase='classification',
                                      target='Class')),
                ('imputer',
                 Simple_Imputer(categorical_strategy='not_available',
                                fill_value_categorical=None,
                                fill_value_numerical=None,
                                numeric_strategy='mean',
                                target_variable=None)),
                ('new_levels1',
                 New_Catagorical_Levels_in_TestData(replacement_strategy='least '
                                                                         'frequent',
                                                    targe...
                ('binn', 'passthrough'), ('rem_outliers', 'passthrough'),
                ('cluster_all', 'passthrough'),
                ('dummy', Dummify(target='Class')),
                ('fix_perfect', Remove_100(target='Class')),
                ('clean_names', Clean_Colum_Names()),
                ('feature_select', 'passthrough'), ('fix_multi', 'passthrough'),
                ('dfs', 'passthrough'), ('pca', 'passthrough'),
                ['trained_model', LGBMClassifier(random_state=21)]]), probability_threshold=None, encoded_labels=False, round=4, verbose=True, ml_usecase=MLUsecase.CLASSIFICATION, display=None)
2022-01-29 19:52:01,154:INFO:Checking exceptions
2022-01-29 19:52:01,154:INFO:Preloading libraries
2022-01-29 20:00:54,986:INFO:Initializing load_model()
2022-01-29 20:00:54,986:INFO:load_model(model_name=deploy_pps, platform=None, authentication=None, verbose=True)
2022-01-29 20:00:59,326:INFO:Initializing load_model()
2022-01-29 20:00:59,326:INFO:load_model(model_name=deploy_pps, platform=None, authentication=None, verbose=True)
2022-01-29 20:02:34,465:INFO:Initializing predict_model()
2022-01-29 20:02:34,465:INFO:predict_model(estimator=Pipeline(steps=[('dtypes',
                 DataTypes_Auto_infer(ml_usecase='classification',
                                      target='Class')),
                ('imputer',
                 Simple_Imputer(categorical_strategy='not_available',
                                fill_value_categorical=None,
                                fill_value_numerical=None,
                                numeric_strategy='mean',
                                target_variable=None)),
                ('new_levels1',
                 New_Catagorical_Levels_in_TestData(replacement_strategy='least '
                                                                         'frequent',
                                                    targe...
                ('binn', 'passthrough'), ('rem_outliers', 'passthrough'),
                ('cluster_all', 'passthrough'),
                ('dummy', Dummify(target='Class')),
                ('fix_perfect', Remove_100(target='Class')),
                ('clean_names', Clean_Colum_Names()),
                ('feature_select', 'passthrough'), ('fix_multi', 'passthrough'),
                ('dfs', 'passthrough'), ('pca', 'passthrough'),
                ['trained_model', LGBMClassifier(random_state=21)]]), probability_threshold=None, encoded_labels=False, round=4, verbose=True, ml_usecase=MLUsecase.CLASSIFICATION, display=None)
2022-01-29 20:02:34,465:INFO:Checking exceptions
2022-01-29 20:02:34,465:INFO:Preloading libraries
2022-01-29 20:10:57,329:INFO:Initializing predict_model()
2022-01-29 20:10:57,329:INFO:predict_model(estimator=Pipeline(steps=[('dtypes',
                 DataTypes_Auto_infer(ml_usecase='classification',
                                      target='Class')),
                ('imputer',
                 Simple_Imputer(categorical_strategy='not_available',
                                fill_value_categorical=None,
                                fill_value_numerical=None,
                                numeric_strategy='mean',
                                target_variable=None)),
                ('new_levels1',
                 New_Catagorical_Levels_in_TestData(replacement_strategy='least '
                                                                         'frequent',
                                                    targe...
                ('binn', 'passthrough'), ('rem_outliers', 'passthrough'),
                ('cluster_all', 'passthrough'),
                ('dummy', Dummify(target='Class')),
                ('fix_perfect', Remove_100(target='Class')),
                ('clean_names', Clean_Colum_Names()),
                ('feature_select', 'passthrough'), ('fix_multi', 'passthrough'),
                ('dfs', 'passthrough'), ('pca', 'passthrough'),
                ['trained_model', LGBMClassifier(random_state=21)]]), probability_threshold=None, encoded_labels=False, round=4, verbose=True, ml_usecase=MLUsecase.CLASSIFICATION, display=None)
2022-01-29 20:10:57,329:INFO:Checking exceptions
2022-01-29 20:10:57,329:INFO:Preloading libraries
2022-01-29 20:14:05,790:INFO:Initializing load_model()
2022-01-29 20:14:05,790:INFO:load_model(model_name=deploy_pps, platform=None, authentication=None, verbose=True)
2022-01-29 20:14:17,911:INFO:Initializing load_model()
2022-01-29 20:14:17,911:INFO:load_model(model_name=deploy_pps, platform=None, authentication=None, verbose=True)
2022-01-29 20:14:32,108:INFO:Initializing load_model()
2022-01-29 20:14:32,108:INFO:load_model(model_name=deploy_pps, platform=None, authentication=None, verbose=True)
2022-01-29 20:14:36,526:INFO:Initializing load_model()
2022-01-29 20:14:36,526:INFO:load_model(model_name=deploy_pps, platform=None, authentication=None, verbose=True)
2022-01-29 20:14:59,023:INFO:Initializing predict_model()
2022-01-29 20:14:59,023:INFO:predict_model(estimator=Pipeline(steps=[('dtypes',
                 DataTypes_Auto_infer(ml_usecase='classification',
                                      target='Class')),
                ('imputer',
                 Simple_Imputer(categorical_strategy='not_available',
                                fill_value_categorical=None,
                                fill_value_numerical=None,
                                numeric_strategy='mean',
                                target_variable=None)),
                ('new_levels1',
                 New_Catagorical_Levels_in_TestData(replacement_strategy='least '
                                                                         'frequent',
                                                    targe...
                ('binn', 'passthrough'), ('rem_outliers', 'passthrough'),
                ('cluster_all', 'passthrough'),
                ('dummy', Dummify(target='Class')),
                ('fix_perfect', Remove_100(target='Class')),
                ('clean_names', Clean_Colum_Names()),
                ('feature_select', 'passthrough'), ('fix_multi', 'passthrough'),
                ('dfs', 'passthrough'), ('pca', 'passthrough'),
                ['trained_model', LGBMClassifier(random_state=21)]]), probability_threshold=None, encoded_labels=False, round=4, verbose=True, ml_usecase=MLUsecase.CLASSIFICATION, display=None)
2022-01-29 20:14:59,023:INFO:Checking exceptions
2022-01-29 20:14:59,023:INFO:Preloading libraries
2022-01-29 20:15:24,904:INFO:Initializing load_model()
2022-01-29 20:15:24,904:INFO:load_model(model_name=deploy_pps, platform=None, authentication=None, verbose=True)
2022-01-29 20:17:03,700:INFO:Initializing load_model()
2022-01-29 20:17:03,701:INFO:load_model(model_name=deploy_pps, platform=None, authentication=None, verbose=True)
2022-01-29 20:17:10,265:INFO:Initializing load_model()
2022-01-29 20:17:10,266:INFO:load_model(model_name=deploy_pps, platform=None, authentication=None, verbose=True)
2022-01-29 20:18:05,650:INFO:Initializing load_model()
2022-01-29 20:18:05,650:INFO:load_model(model_name=deploy_pps, platform=None, authentication=None, verbose=True)
2022-01-29 20:18:15,740:INFO:Initializing load_model()
2022-01-29 20:18:15,740:INFO:load_model(model_name=deploy_pps, platform=None, authentication=None, verbose=True)
2022-01-29 20:18:20,086:INFO:Initializing load_model()
2022-01-29 20:18:20,086:INFO:load_model(model_name=deploy_pps, platform=None, authentication=None, verbose=True)
2022-01-29 20:18:38,937:INFO:Initializing predict_model()
2022-01-29 20:18:38,937:INFO:predict_model(estimator=Pipeline(steps=[('dtypes',
                 DataTypes_Auto_infer(ml_usecase='classification',
                                      target='Class')),
                ('imputer',
                 Simple_Imputer(categorical_strategy='not_available',
                                fill_value_categorical=None,
                                fill_value_numerical=None,
                                numeric_strategy='mean',
                                target_variable=None)),
                ('new_levels1',
                 New_Catagorical_Levels_in_TestData(replacement_strategy='least '
                                                                         'frequent',
                                                    targe...
                ('binn', 'passthrough'), ('rem_outliers', 'passthrough'),
                ('cluster_all', 'passthrough'),
                ('dummy', Dummify(target='Class')),
                ('fix_perfect', Remove_100(target='Class')),
                ('clean_names', Clean_Colum_Names()),
                ('feature_select', 'passthrough'), ('fix_multi', 'passthrough'),
                ('dfs', 'passthrough'), ('pca', 'passthrough'),
                ['trained_model', LGBMClassifier(random_state=21)]]), probability_threshold=None, encoded_labels=False, round=4, verbose=True, ml_usecase=MLUsecase.CLASSIFICATION, display=None)
2022-01-29 20:18:38,937:INFO:Checking exceptions
2022-01-29 20:18:38,937:INFO:Preloading libraries
2022-01-29 20:20:31,105:INFO:Initializing load_model()
2022-01-29 20:20:31,105:INFO:load_model(model_name=deploy_pps, platform=None, authentication=None, verbose=True)
2022-01-29 20:20:36,047:INFO:Initializing load_model()
2022-01-29 20:20:36,047:INFO:load_model(model_name=deploy_pps, platform=None, authentication=None, verbose=True)
2022-01-29 20:20:50,779:INFO:Initializing predict_model()
2022-01-29 20:20:50,779:INFO:predict_model(estimator=Pipeline(steps=[('dtypes',
                 DataTypes_Auto_infer(ml_usecase='classification',
                                      target='Class')),
                ('imputer',
                 Simple_Imputer(categorical_strategy='not_available',
                                fill_value_categorical=None,
                                fill_value_numerical=None,
                                numeric_strategy='mean',
                                target_variable=None)),
                ('new_levels1',
                 New_Catagorical_Levels_in_TestData(replacement_strategy='least '
                                                                         'frequent',
                                                    targe...
                ('binn', 'passthrough'), ('rem_outliers', 'passthrough'),
                ('cluster_all', 'passthrough'),
                ('dummy', Dummify(target='Class')),
                ('fix_perfect', Remove_100(target='Class')),
                ('clean_names', Clean_Colum_Names()),
                ('feature_select', 'passthrough'), ('fix_multi', 'passthrough'),
                ('dfs', 'passthrough'), ('pca', 'passthrough'),
                ['trained_model', LGBMClassifier(random_state=21)]]), probability_threshold=None, encoded_labels=False, round=4, verbose=True, ml_usecase=MLUsecase.CLASSIFICATION, display=None)
2022-01-29 20:20:50,779:INFO:Checking exceptions
2022-01-29 20:20:50,779:INFO:Preloading libraries
2022-01-29 20:21:53,117:INFO:Initializing load_model()
2022-01-29 20:21:53,117:INFO:load_model(model_name=deploy_pps, platform=None, authentication=None, verbose=True)
2022-01-29 20:22:11,357:INFO:Initializing load_model()
2022-01-29 20:22:11,357:INFO:load_model(model_name=deploy_pps, platform=None, authentication=None, verbose=True)
2022-01-29 20:22:15,718:INFO:Initializing load_model()
2022-01-29 20:22:15,718:INFO:load_model(model_name=deploy_pps, platform=None, authentication=None, verbose=True)
2022-01-29 20:22:39,221:INFO:Initializing predict_model()
2022-01-29 20:22:39,221:INFO:predict_model(estimator=Pipeline(steps=[('dtypes',
                 DataTypes_Auto_infer(ml_usecase='classification',
                                      target='Class')),
                ('imputer',
                 Simple_Imputer(categorical_strategy='not_available',
                                fill_value_categorical=None,
                                fill_value_numerical=None,
                                numeric_strategy='mean',
                                target_variable=None)),
                ('new_levels1',
                 New_Catagorical_Levels_in_TestData(replacement_strategy='least '
                                                                         'frequent',
                                                    targe...
                ('binn', 'passthrough'), ('rem_outliers', 'passthrough'),
                ('cluster_all', 'passthrough'),
                ('dummy', Dummify(target='Class')),
                ('fix_perfect', Remove_100(target='Class')),
                ('clean_names', Clean_Colum_Names()),
                ('feature_select', 'passthrough'), ('fix_multi', 'passthrough'),
                ('dfs', 'passthrough'), ('pca', 'passthrough'),
                ['trained_model', LGBMClassifier(random_state=21)]]), probability_threshold=None, encoded_labels=False, round=4, verbose=True, ml_usecase=MLUsecase.CLASSIFICATION, display=None)
2022-01-29 20:22:39,221:INFO:Checking exceptions
2022-01-29 20:22:39,221:INFO:Preloading libraries
2022-01-29 20:23:08,790:INFO:Initializing load_model()
2022-01-29 20:23:08,790:INFO:load_model(model_name=deploy_pps, platform=None, authentication=None, verbose=True)
